Analysis & Synthesis report for sgi_main
Tue Jan 24 14:39:28 2023
Quartus Prime Version 22.1std.0 Build 915 10/25/2022 SC Lite Edition


---------------------
; Table of Contents ;
---------------------
  1. Legal Notice
  2. Analysis & Synthesis Summary
  3. Analysis & Synthesis Settings
  4. Parallel Compilation
  5. Analysis & Synthesis Source Files Read
  6. Analysis & Synthesis Resource Usage Summary
  7. Analysis & Synthesis Resource Utilization by Entity
  8. Registers Removed During Synthesis
  9. General Register Statistics
 10. Inverted Register Statistics
 11. Post-Synthesis Netlist Statistics for Top Partition
 12. Elapsed Time Per Partition
 13. Analysis & Synthesis Messages



----------------
; Legal Notice ;
----------------
Copyright (C) 2022  Intel Corporation. All rights reserved.
Your use of Intel Corporation's design tools, logic functions 
and other software and tools, and any partner logic 
functions, and any output files from any of the foregoing 
(including device programming or simulation files), and any 
associated documentation or information are expressly subject 
to the terms and conditions of the Intel Program License 
Subscription Agreement, the Intel Quartus Prime License Agreement,
the Intel FPGA IP License Agreement, or other applicable license
agreement, including, without limitation, that your use is for
the sole purpose of programming logic devices manufactured by
Intel and sold by Intel or its authorized distributors.  Please
refer to the applicable agreement for further details, at
https://fpgasoftware.intel.com/eula.



+-------------------------------------------------------------------------------------+
; Analysis & Synthesis Summary                                                        ;
+------------------------------------+------------------------------------------------+
; Analysis & Synthesis Status        ; Successful - Tue Jan 24 14:39:28 2023          ;
; Quartus Prime Version              ; 22.1std.0 Build 915 10/25/2022 SC Lite Edition ;
; Revision Name                      ; sgi_main                                       ;
; Top-level Entity Name              ; sgi_main_entity                                ;
; Family                             ; Cyclone IV E                                   ;
; Total logic elements               ; 100                                            ;
;     Total combinational functions  ; 100                                            ;
;     Dedicated logic registers      ; 48                                             ;
; Total registers                    ; 48                                             ;
; Total pins                         ; 43                                             ;
; Total virtual pins                 ; 0                                              ;
; Total memory bits                  ; 0                                              ;
; Embedded Multiplier 9-bit elements ; 0                                              ;
; Total PLLs                         ; 0                                              ;
+------------------------------------+------------------------------------------------+


+------------------------------------------------------------------------------------------------------------+
; Analysis & Synthesis Settings                                                                              ;
+------------------------------------------------------------------+--------------------+--------------------+
; Option                                                           ; Setting            ; Default Value      ;
+------------------------------------------------------------------+--------------------+--------------------+
; Device                                                           ; EP4CE22F17C6       ;                    ;
; Top-level entity name                                            ; sgi_main_entity    ; sgi_main           ;
; Family name                                                      ; Cyclone IV E       ; Cyclone V          ;
; Synthesis Effort                                                 ; Fast               ; Auto               ;
; Use smart compilation                                            ; Off                ; Off                ;
; Enable parallel Assembler and Timing Analyzer during compilation ; On                 ; On                 ;
; Enable compact report table                                      ; Off                ; Off                ;
; Restructure Multiplexers                                         ; Auto               ; Auto               ;
; Create Debugging Nodes for IP Cores                              ; Off                ; Off                ;
; Preserve fewer node names                                        ; On                 ; On                 ;
; Intel FPGA IP Evaluation Mode                                    ; Enable             ; Enable             ;
; Verilog Version                                                  ; Verilog_2001       ; Verilog_2001       ;
; VHDL Version                                                     ; VHDL_1993          ; VHDL_1993          ;
; State Machine Processing                                         ; Auto               ; Auto               ;
; Safe State Machine                                               ; Off                ; Off                ;
; Extract Verilog State Machines                                   ; On                 ; On                 ;
; Extract VHDL State Machines                                      ; On                 ; On                 ;
; Ignore Verilog initial constructs                                ; Off                ; Off                ;
; Iteration limit for constant Verilog loops                       ; 5000               ; 5000               ;
; Iteration limit for non-constant Verilog loops                   ; 250                ; 250                ;
; Add Pass-Through Logic to Inferred RAMs                          ; On                 ; On                 ;
; Infer RAMs from Raw Logic                                        ; On                 ; On                 ;
; Parallel Synthesis                                               ; On                 ; On                 ;
; DSP Block Balancing                                              ; Auto               ; Auto               ;
; NOT Gate Push-Back                                               ; On                 ; On                 ;
; Power-Up Don't Care                                              ; On                 ; On                 ;
; Remove Redundant Logic Cells                                     ; Off                ; Off                ;
; Remove Duplicate Registers                                       ; On                 ; On                 ;
; Ignore CARRY Buffers                                             ; Off                ; Off                ;
; Ignore CASCADE Buffers                                           ; Off                ; Off                ;
; Ignore GLOBAL Buffers                                            ; Off                ; Off                ;
; Ignore ROW GLOBAL Buffers                                        ; Off                ; Off                ;
; Ignore LCELL Buffers                                             ; Off                ; Off                ;
; Ignore SOFT Buffers                                              ; On                 ; On                 ;
; Limit AHDL Integers to 32 Bits                                   ; Off                ; Off                ;
; Optimization Technique                                           ; Balanced           ; Balanced           ;
; Carry Chain Length                                               ; 70                 ; 70                 ;
; Auto Carry Chains                                                ; On                 ; On                 ;
; Auto Open-Drain Pins                                             ; On                 ; On                 ;
; Perform WYSIWYG Primitive Resynthesis                            ; Off                ; Off                ;
; Auto ROM Replacement                                             ; On                 ; On                 ;
; Auto RAM Replacement                                             ; On                 ; On                 ;
; Auto DSP Block Replacement                                       ; On                 ; On                 ;
; Auto Shift Register Replacement                                  ; Auto               ; Auto               ;
; Allow Shift Register Merging across Hierarchies                  ; Auto               ; Auto               ;
; Auto Clock Enable Replacement                                    ; On                 ; On                 ;
; Strict RAM Replacement                                           ; Off                ; Off                ;
; Allow Synchronous Control Signals                                ; On                 ; On                 ;
; Force Use of Synchronous Clear Signals                           ; Off                ; Off                ;
; Auto RAM Block Balancing                                         ; On                 ; On                 ;
; Auto RAM to Logic Cell Conversion                                ; Off                ; Off                ;
; Auto Resource Sharing                                            ; Off                ; Off                ;
; Allow Any RAM Size For Recognition                               ; Off                ; Off                ;
; Allow Any ROM Size For Recognition                               ; Off                ; Off                ;
; Allow Any Shift Register Size For Recognition                    ; Off                ; Off                ;
; Use LogicLock Constraints during Resource Balancing              ; On                 ; On                 ;
; Ignore translate_off and synthesis_off directives                ; Off                ; Off                ;
; Timing-Driven Synthesis                                          ; On                 ; On                 ;
; Report Parameter Settings                                        ; On                 ; On                 ;
; Report Source Assignments                                        ; On                 ; On                 ;
; Report Connectivity Checks                                       ; On                 ; On                 ;
; Ignore Maximum Fan-Out Assignments                               ; Off                ; Off                ;
; Synchronization Register Chain Length                            ; 2                  ; 2                  ;
; Power Optimization During Synthesis                              ; Normal compilation ; Normal compilation ;
; HDL message level                                                ; Level2             ; Level2             ;
; Suppress Register Optimization Related Messages                  ; Off                ; Off                ;
; Number of Removed Registers Reported in Synthesis Report         ; 5000               ; 5000               ;
; Number of Swept Nodes Reported in Synthesis Report               ; 5000               ; 5000               ;
; Number of Inverted Registers Reported in Synthesis Report        ; 100                ; 100                ;
; Clock MUX Protection                                             ; On                 ; On                 ;
; Auto Gated Clock Conversion                                      ; Off                ; Off                ;
; Block Design Naming                                              ; Auto               ; Auto               ;
; SDC constraint protection                                        ; Off                ; Off                ;
; Shift Register Replacement - Allow Asynchronous Clear Signal     ; On                 ; On                 ;
; Pre-Mapping Resynthesis Optimization                             ; Off                ; Off                ;
; Analysis & Synthesis Message Level                               ; Medium             ; Medium             ;
; Disable Register Merging Across Hierarchies                      ; Auto               ; Auto               ;
; Resource Aware Inference For Block RAM                           ; On                 ; On                 ;
+------------------------------------------------------------------+--------------------+--------------------+


+------------------------------------------+
; Parallel Compilation                     ;
+----------------------------+-------------+
; Processors                 ; Number      ;
+----------------------------+-------------+
; Number detected on machine ; 4           ;
; Maximum allowed            ; 2           ;
;                            ;             ;
; Average used               ; 1.00        ;
; Maximum used               ; 1           ;
;                            ;             ;
; Usage by Processor         ; % Time Used ;
;     Processor 1            ; 100.0%      ;
+----------------------------+-------------+


+----------------------------------------------------------------------------------------------------------------------------------+
; Analysis & Synthesis Source Files Read                                                                                           ;
+----------------------------------+-----------------+-----------------+-------------------------------------------------+---------+
; File Name with User-Entered Path ; Used in Netlist ; File Type       ; File Name with Absolute Path                    ; Library ;
+----------------------------------+-----------------+-----------------+-------------------------------------------------+---------+
; ../wuerfel_dekoder.vhdl          ; yes             ; User VHDL File  ; /home/lp17/GDTI/gdti9/wuerfel_dekoder.vhdl      ;         ;
; ../ctr_1_to_6.vhdl               ; yes             ; User VHDL File  ; /home/lp17/GDTI/gdti9/ctr_1_to_6.vhdl           ;         ;
; ../wuerfel.vhdl                  ; yes             ; User VHDL File  ; /home/lp17/GDTI/gdti9/wuerfel.vhdl              ;         ;
; sgi_main.vhd                     ; yes             ; User VHDL File  ; /home/lp17/GDTI/gdti9/quartus_temp/sgi_main.vhd ;         ;
+----------------------------------+-----------------+-----------------+-------------------------------------------------+---------+


+-----------------------------------------------------------+
; Analysis & Synthesis Resource Usage Summary               ;
+---------------------------------------------+-------------+
; Resource                                    ; Usage       ;
+---------------------------------------------+-------------+
; Estimated Total logic elements              ; 100         ;
;                                             ;             ;
; Total combinational functions               ; 100         ;
; Logic element usage by number of LUT inputs ;             ;
;     -- 4 input functions                    ; 14          ;
;     -- 3 input functions                    ; 5           ;
;     -- <=2 input functions                  ; 81          ;
;                                             ;             ;
; Logic elements by mode                      ;             ;
;     -- normal mode                          ; 55          ;
;     -- arithmetic mode                      ; 45          ;
;                                             ;             ;
; Total registers                             ; 48          ;
;     -- Dedicated logic registers            ; 48          ;
;     -- I/O registers                        ; 0           ;
;                                             ;             ;
; I/O pins                                    ; 43          ;
;                                             ;             ;
; Embedded Multiplier 9-bit elements          ; 0           ;
;                                             ;             ;
; Maximum fan-out node                        ; clock_10khz ;
; Maximum fan-out                             ; 33          ;
; Total fan-out                               ; 456         ;
; Average fan-out                             ; 1.77        ;
+---------------------------------------------+-------------+


+----------------------------------------------------------------------------------------------------------------------------------------------------------------------------------------------------------------------------------------------------------------------+
; Analysis & Synthesis Resource Utilization by Entity                                                                                                                                                                                                                  ;
+-----------------------------------+---------------------+---------------------------+-------------+--------------+---------+-----------+------+--------------+----------------------------------------------------------------------+-----------------+--------------+
; Compilation Hierarchy Node        ; Combinational ALUTs ; Dedicated Logic Registers ; Memory Bits ; DSP Elements ; DSP 9x9 ; DSP 18x18 ; Pins ; Virtual Pins ; Full Hierarchy Name                                                  ; Entity Name     ; Library Name ;
+-----------------------------------+---------------------+---------------------------+-------------+--------------+---------+-----------+------+--------------+----------------------------------------------------------------------+-----------------+--------------+
; |sgi_main_entity                  ; 100 (21)            ; 48 (16)                   ; 0           ; 0            ; 0       ; 0         ; 43   ; 0            ; |sgi_main_entity                                                     ; sgi_main_entity ; work         ;
;    |wuerfel:the_main_instance|    ; 79 (0)              ; 32 (0)                    ; 0           ; 0            ; 0       ; 0         ; 0    ; 0            ; |sgi_main_entity|wuerfel:the_main_instance                           ; wuerfel         ; work         ;
;       |ctr_1_to_6:l_counter|      ; 75 (75)             ; 32 (32)                   ; 0           ; 0            ; 0       ; 0         ; 0    ; 0            ; |sgi_main_entity|wuerfel:the_main_instance|ctr_1_to_6:l_counter      ; ctr_1_to_6      ; work         ;
;       |wuerfel_dekoder:l_Wuerfel| ; 4 (4)               ; 0 (0)                     ; 0           ; 0            ; 0       ; 0         ; 0    ; 0            ; |sgi_main_entity|wuerfel:the_main_instance|wuerfel_dekoder:l_Wuerfel ; wuerfel_dekoder ; work         ;
+-----------------------------------+---------------------+---------------------------+-------------+--------------+---------+-----------+------+--------------+----------------------------------------------------------------------+-----------------+--------------+
Note: For table entries with two numbers listed, the numbers in parentheses indicate the number of resources of the given type used by the specific entity alone. The numbers listed outside of parentheses indicate the total resources of the given type used by the specific entity and all of its sub-entities in the hierarchy.


+---------------------------------------------------------------------------------------------------------------------------------------+
; Registers Removed During Synthesis                                                                                                    ;
+-------------------------------------------------------------+-------------------------------------------------------------------------+
; Register name                                               ; Reason for Removal                                                      ;
+-------------------------------------------------------------+-------------------------------------------------------------------------+
; wuerfel:the_main_instance|ctr_1_to_6:l_counter|v_Counter[2] ; Merged with wuerfel:the_main_instance|ctr_1_to_6:l_counter|ctr_value[2] ;
; wuerfel:the_main_instance|ctr_1_to_6:l_counter|v_Counter[1] ; Merged with wuerfel:the_main_instance|ctr_1_to_6:l_counter|ctr_value[1] ;
; wuerfel:the_main_instance|ctr_1_to_6:l_counter|v_Counter[0] ; Merged with wuerfel:the_main_instance|ctr_1_to_6:l_counter|ctr_value[0] ;
; Total Number of Removed Registers = 3                       ;                                                                         ;
+-------------------------------------------------------------+-------------------------------------------------------------------------+


+------------------------------------------------------+
; General Register Statistics                          ;
+----------------------------------------------+-------+
; Statistic                                    ; Value ;
+----------------------------------------------+-------+
; Total registers                              ; 48    ;
; Number of registers using Synchronous Clear  ; 0     ;
; Number of registers using Synchronous Load   ; 15    ;
; Number of registers using Asynchronous Clear ; 0     ;
; Number of registers using Asynchronous Load  ; 0     ;
; Number of registers using Clock Enable       ; 32    ;
; Number of registers using Preset             ; 0     ;
+----------------------------------------------+-------+


+-----------------------------------------------------------------------+
; Inverted Register Statistics                                          ;
+-------------------------------------------------------------+---------+
; Inverted Register                                           ; Fan out ;
+-------------------------------------------------------------+---------+
; wuerfel:the_main_instance|ctr_1_to_6:l_counter|ctr_value[0] ; 5       ;
; Total number of inverted registers = 1                      ;         ;
+-------------------------------------------------------------+---------+


+-----------------------------------------------------+
; Post-Synthesis Netlist Statistics for Top Partition ;
+-----------------------+-----------------------------+
; Type                  ; Count                       ;
+-----------------------+-----------------------------+
; boundary_port         ; 43                          ;
; cycloneiii_ff         ; 48                          ;
;     ENA               ; 32                          ;
;     SLD               ; 15                          ;
;     plain             ; 1                           ;
; cycloneiii_io_obuf    ; 24                          ;
; cycloneiii_lcell_comb ; 100                         ;
;     arith             ; 45                          ;
;         2 data inputs ; 45                          ;
;     normal            ; 55                          ;
;         1 data inputs ; 2                           ;
;         2 data inputs ; 34                          ;
;         3 data inputs ; 5                           ;
;         4 data inputs ; 14                          ;
;                       ;                             ;
; Max LUT depth         ; 7.10                        ;
; Average LUT depth     ; 4.63                        ;
+-----------------------+-----------------------------+


+-------------------------------+
; Elapsed Time Per Partition    ;
+----------------+--------------+
; Partition Name ; Elapsed Time ;
+----------------+--------------+
; Top            ; 00:00:00     ;
+----------------+--------------+


+-------------------------------+
; Analysis & Synthesis Messages ;
+-------------------------------+
Info: *******************************************************************
Info: Running Quartus Prime Analysis & Synthesis
    Info: Version 22.1std.0 Build 915 10/25/2022 SC Lite Edition
    Info: Copyright (C) 2022  Intel Corporation. All rights reserved.
    Info: Your use of Intel Corporation's design tools, logic functions 
    Info: and other software and tools, and any partner logic 
    Info: functions, and any output files from any of the foregoing 
    Info: (including device programming or simulation files), and any 
    Info: associated documentation or information are expressly subject 
    Info: to the terms and conditions of the Intel Program License 
    Info: Subscription Agreement, the Intel Quartus Prime License Agreement,
    Info: the Intel FPGA IP License Agreement, or other applicable license
    Info: agreement, including, without limitation, that your use is for
    Info: the sole purpose of programming logic devices manufactured by
    Info: Intel and sold by Intel or its authorized distributors.  Please
    Info: refer to the applicable agreement for further details, at
    Info: https://fpgasoftware.intel.com/eula.
    Info: Processing started: Tue Jan 24 14:39:16 2023
Info: Command: quartus_map sgi_main --write_settings_files=off
Warning (18236): Number of processors has not been specified which may cause overloading on shared machines.  Set the global assignment NUM_PARALLEL_PROCESSORS in your QSF to an appropriate value for best performance.
Info (20030): Parallel compilation is enabled and will use 2 of the 2 processors detected
Info (12021): Found 2 design units, including 1 entities, in source file /home/lp17/GDTI/gdti9/wuerfel_dekoder.vhdl
    Info (12022): Found design unit 1: wuerfel_dekoder-behav File: /home/lp17/GDTI/gdti9/wuerfel_dekoder.vhdl Line: 11
    Info (12023): Found entity 1: wuerfel_dekoder File: /home/lp17/GDTI/gdti9/wuerfel_dekoder.vhdl Line: 4
Info (12021): Found 2 design units, including 1 entities, in source file /home/lp17/GDTI/gdti9/ctr_1_to_6.vhdl
    Info (12022): Found design unit 1: ctr_1_to_6-behav File: /home/lp17/GDTI/gdti9/ctr_1_to_6.vhdl Line: 13
    Info (12023): Found entity 1: ctr_1_to_6 File: /home/lp17/GDTI/gdti9/ctr_1_to_6.vhdl Line: 5
Info (12021): Found 2 design units, including 1 entities, in source file /home/lp17/GDTI/gdti9/wuerfel.vhdl
    Info (12022): Found design unit 1: wuerfel-behav File: /home/lp17/GDTI/gdti9/wuerfel.vhdl Line: 13
    Info (12023): Found entity 1: wuerfel File: /home/lp17/GDTI/gdti9/wuerfel.vhdl Line: 5
Info (12021): Found 2 design units, including 1 entities, in source file sgi_main.vhd
    Info (12022): Found design unit 1: sgi_main_entity-behav File: /home/lp17/GDTI/gdti9/quartus_temp/sgi_main.vhd Line: 17
    Info (12023): Found entity 1: sgi_main_entity File: /home/lp17/GDTI/gdti9/quartus_temp/sgi_main.vhd Line: 7
Info (12127): Elaborating entity "sgi_main_entity" for the top level hierarchy
Info (12128): Elaborating entity "wuerfel" for hierarchy "wuerfel:the_main_instance" File: /home/lp17/GDTI/gdti9/quartus_temp/sgi_main.vhd Line: 51
Info (12128): Elaborating entity "ctr_1_to_6" for hierarchy "wuerfel:the_main_instance|ctr_1_to_6:l_counter" File: /home/lp17/GDTI/gdti9/wuerfel.vhdl Line: 22
Warning (10492): VHDL Process Statement warning at ctr_1_to_6.vhdl(18): signal "clk_enable" is read inside the Process Statement but isn't in the Process Statement's sensitivity list File: /home/lp17/GDTI/gdti9/ctr_1_to_6.vhdl Line: 18
Info (12128): Elaborating entity "wuerfel_dekoder" for hierarchy "wuerfel:the_main_instance|wuerfel_dekoder:l_Wuerfel" File: /home/lp17/GDTI/gdti9/wuerfel.vhdl Line: 23
Warning (286029): Timing-Driven Synthesis is skipped because the Synthesis Effort is set to Fast
Warning (13034): The following nodes have both tri-state and non-tri-state drivers
    Warning (13035): Inserted always-enabled tri-state buffer between "p_out[7]" and its non-tri-state driver. File: /home/lp17/GDTI/gdti9/quartus_temp/sgi_main.vhd Line: 12
    Warning (13035): Inserted always-enabled tri-state buffer between "p_out[6]" and its non-tri-state driver. File: /home/lp17/GDTI/gdti9/quartus_temp/sgi_main.vhd Line: 12
    Warning (13035): Inserted always-enabled tri-state buffer between "p_out[5]" and its non-tri-state driver. File: /home/lp17/GDTI/gdti9/quartus_temp/sgi_main.vhd Line: 12
    Warning (13035): Inserted always-enabled tri-state buffer between "p_out[4]" and its non-tri-state driver. File: /home/lp17/GDTI/gdti9/quartus_temp/sgi_main.vhd Line: 12
    Warning (13035): Inserted always-enabled tri-state buffer between "p_out[3]" and its non-tri-state driver. File: /home/lp17/GDTI/gdti9/quartus_temp/sgi_main.vhd Line: 12
    Warning (13035): Inserted always-enabled tri-state buffer between "p_out[2]" and its non-tri-state driver. File: /home/lp17/GDTI/gdti9/quartus_temp/sgi_main.vhd Line: 12
    Warning (13035): Inserted always-enabled tri-state buffer between "p_out[1]" and its non-tri-state driver. File: /home/lp17/GDTI/gdti9/quartus_temp/sgi_main.vhd Line: 12
    Warning (13035): Inserted always-enabled tri-state buffer between "led[0]" and its non-tri-state driver. File: /home/lp17/GDTI/gdti9/quartus_temp/sgi_main.vhd Line: 13
    Warning (13035): Inserted always-enabled tri-state buffer between "led[1]" and its non-tri-state driver. File: /home/lp17/GDTI/gdti9/quartus_temp/sgi_main.vhd Line: 13
    Warning (13035): Inserted always-enabled tri-state buffer between "led[2]" and its non-tri-state driver. File: /home/lp17/GDTI/gdti9/quartus_temp/sgi_main.vhd Line: 13
    Warning (13035): Inserted always-enabled tri-state buffer between "led[3]" and its non-tri-state driver. File: /home/lp17/GDTI/gdti9/quartus_temp/sgi_main.vhd Line: 13
    Warning (13035): Inserted always-enabled tri-state buffer between "led[4]" and its non-tri-state driver. File: /home/lp17/GDTI/gdti9/quartus_temp/sgi_main.vhd Line: 13
    Warning (13035): Inserted always-enabled tri-state buffer between "led[5]" and its non-tri-state driver. File: /home/lp17/GDTI/gdti9/quartus_temp/sgi_main.vhd Line: 13
    Warning (13035): Inserted always-enabled tri-state buffer between "led[6]" and its non-tri-state driver. File: /home/lp17/GDTI/gdti9/quartus_temp/sgi_main.vhd Line: 13
    Warning (13035): Inserted always-enabled tri-state buffer between "led[7]" and its non-tri-state driver. File: /home/lp17/GDTI/gdti9/quartus_temp/sgi_main.vhd Line: 13
Warning (13039): The following bidirectional pins have no drivers
    Warning (13040): bidirectional pin "p_out[16]" has no driver File: /home/lp17/GDTI/gdti9/quartus_temp/sgi_main.vhd Line: 12
    Warning (13040): bidirectional pin "p_out[15]" has no driver File: /home/lp17/GDTI/gdti9/quartus_temp/sgi_main.vhd Line: 12
    Warning (13040): bidirectional pin "p_out[14]" has no driver File: /home/lp17/GDTI/gdti9/quartus_temp/sgi_main.vhd Line: 12
    Warning (13040): bidirectional pin "p_out[13]" has no driver File: /home/lp17/GDTI/gdti9/quartus_temp/sgi_main.vhd Line: 12
    Warning (13040): bidirectional pin "p_out[12]" has no driver File: /home/lp17/GDTI/gdti9/quartus_temp/sgi_main.vhd Line: 12
    Warning (13040): bidirectional pin "p_out[11]" has no driver File: /home/lp17/GDTI/gdti9/quartus_temp/sgi_main.vhd Line: 12
    Warning (13040): bidirectional pin "p_out[10]" has no driver File: /home/lp17/GDTI/gdti9/quartus_temp/sgi_main.vhd Line: 12
    Warning (13040): bidirectional pin "p_out[9]" has no driver File: /home/lp17/GDTI/gdti9/quartus_temp/sgi_main.vhd Line: 12
    Warning (13040): bidirectional pin "p_out[8]" has no driver File: /home/lp17/GDTI/gdti9/quartus_temp/sgi_main.vhd Line: 12
Warning (13009): TRI or OPNDRN buffers permanently enabled
    Warning (13010): Node "p_out[7]~synth" File: /home/lp17/GDTI/gdti9/quartus_temp/sgi_main.vhd Line: 12
    Warning (13010): Node "p_out[6]~synth" File: /home/lp17/GDTI/gdti9/quartus_temp/sgi_main.vhd Line: 12
    Warning (13010): Node "p_out[5]~synth" File: /home/lp17/GDTI/gdti9/quartus_temp/sgi_main.vhd Line: 12
    Warning (13010): Node "p_out[4]~synth" File: /home/lp17/GDTI/gdti9/quartus_temp/sgi_main.vhd Line: 12
    Warning (13010): Node "p_out[3]~synth" File: /home/lp17/GDTI/gdti9/quartus_temp/sgi_main.vhd Line: 12
    Warning (13010): Node "p_out[2]~synth" File: /home/lp17/GDTI/gdti9/quartus_temp/sgi_main.vhd Line: 12
    Warning (13010): Node "p_out[1]~synth" File: /home/lp17/GDTI/gdti9/quartus_temp/sgi_main.vhd Line: 12
    Warning (13010): Node "led[0]~synth" File: /home/lp17/GDTI/gdti9/quartus_temp/sgi_main.vhd Line: 13
    Warning (13010): Node "led[1]~synth" File: /home/lp17/GDTI/gdti9/quartus_temp/sgi_main.vhd Line: 13
    Warning (13010): Node "led[2]~synth" File: /home/lp17/GDTI/gdti9/quartus_temp/sgi_main.vhd Line: 13
    Warning (13010): Node "led[3]~synth" File: /home/lp17/GDTI/gdti9/quartus_temp/sgi_main.vhd Line: 13
    Warning (13010): Node "led[4]~synth" File: /home/lp17/GDTI/gdti9/quartus_temp/sgi_main.vhd Line: 13
    Warning (13010): Node "led[5]~synth" File: /home/lp17/GDTI/gdti9/quartus_temp/sgi_main.vhd Line: 13
    Warning (13010): Node "led[6]~synth" File: /home/lp17/GDTI/gdti9/quartus_temp/sgi_main.vhd Line: 13
    Warning (13010): Node "led[7]~synth" File: /home/lp17/GDTI/gdti9/quartus_temp/sgi_main.vhd Line: 13
Info (16010): Generating hard_block partition "hard_block:auto_generated_inst"
    Info (16011): Adding 0 node(s), including 0 DDIO, 0 PLL, 0 transceiver and 0 LCELL
Warning (21074): Design contains 15 input pin(s) that do not drive logic
    Warning (15610): No output dependent on input pin "p_in[16]" File: /home/lp17/GDTI/gdti9/quartus_temp/sgi_main.vhd Line: 11
    Warning (15610): No output dependent on input pin "p_in[15]" File: /home/lp17/GDTI/gdti9/quartus_temp/sgi_main.vhd Line: 11
    Warning (15610): No output dependent on input pin "p_in[14]" File: /home/lp17/GDTI/gdti9/quartus_temp/sgi_main.vhd Line: 11
    Warning (15610): No output dependent on input pin "p_in[13]" File: /home/lp17/GDTI/gdti9/quartus_temp/sgi_main.vhd Line: 11
    Warning (15610): No output dependent on input pin "p_in[12]" File: /home/lp17/GDTI/gdti9/quartus_temp/sgi_main.vhd Line: 11
    Warning (15610): No output dependent on input pin "p_in[11]" File: /home/lp17/GDTI/gdti9/quartus_temp/sgi_main.vhd Line: 11
    Warning (15610): No output dependent on input pin "p_in[10]" File: /home/lp17/GDTI/gdti9/quartus_temp/sgi_main.vhd Line: 11
    Warning (15610): No output dependent on input pin "p_in[9]" File: /home/lp17/GDTI/gdti9/quartus_temp/sgi_main.vhd Line: 11
    Warning (15610): No output dependent on input pin "p_in[8]" File: /home/lp17/GDTI/gdti9/quartus_temp/sgi_main.vhd Line: 11
    Warning (15610): No output dependent on input pin "p_in[7]" File: /home/lp17/GDTI/gdti9/quartus_temp/sgi_main.vhd Line: 11
    Warning (15610): No output dependent on input pin "p_in[6]" File: /home/lp17/GDTI/gdti9/quartus_temp/sgi_main.vhd Line: 11
    Warning (15610): No output dependent on input pin "p_in[5]" File: /home/lp17/GDTI/gdti9/quartus_temp/sgi_main.vhd Line: 11
    Warning (15610): No output dependent on input pin "p_in[4]" File: /home/lp17/GDTI/gdti9/quartus_temp/sgi_main.vhd Line: 11
    Warning (15610): No output dependent on input pin "p_in[3]" File: /home/lp17/GDTI/gdti9/quartus_temp/sgi_main.vhd Line: 11
    Warning (15610): No output dependent on input pin "p_in[2]" File: /home/lp17/GDTI/gdti9/quartus_temp/sgi_main.vhd Line: 11
Info (21057): Implemented 143 device resources after synthesis - the final resource count might be different
    Info (21058): Implemented 19 input pins
    Info (21059): Implemented 0 output pins
    Info (21060): Implemented 24 bidirectional pins
    Info (21061): Implemented 100 logic cells
Info: Quartus Prime Analysis & Synthesis was successful. 0 errors, 61 warnings
    Info: Peak virtual memory: 418 megabytes
    Info: Processing ended: Tue Jan 24 14:39:28 2023
    Info: Elapsed time: 00:00:12
    Info: Total CPU time (on all processors): 00:00:23


